<?xml version="1.0" encoding="UTF-8"?>
<!-- Generated by org.testng.reporters.JUnitReportReporter -->
<testsuite hostname="TAMP" name="packagecom.gurukula.ActualTests.LabelsCheckOnHomepage" tests="3" failures="0" timestamp="20 Nov 2016 21:00:35 GMT" time="0.170" errors="0">
  <testcase name="pageTileTest" time="0.046" classname="packagecom.gurukula.ActualTests.LabelsCheckOnHomepage"/>
  <testcase name="pageCopyRightTest" time="0.062" classname="packagecom.gurukula.ActualTests.LabelsCheckOnHomepage"/>
  <testcase name="pageMainTitleTest" time="0.062" classname="packagecom.gurukula.ActualTests.LabelsCheckOnHomepage"/>
</testsuite> <!-- packagecom.gurukula.ActualTests.LabelsCheckOnHomepage -->
