<?xml version="1.0" encoding="UTF-8"?>
<!-- Generated by org.testng.reporters.JUnitReportReporter -->
<testsuite hostname="TAMP" name="packagecom.gurukula.tests.StaffsTest" tests="10" failures="0" timestamp="16 Nov 2016 21:43:54 GMT" time="39.845" errors="0">
  <testcase name="testEditStaff" time="4.649" classname="packagecom.gurukula.tests.StaffsTest"/>
  <testcase name="testAddStaff" time="3.217" classname="packagecom.gurukula.tests.StaffsTest"/>
  <testcase name="testSearchStaff" time="1.242" classname="packagecom.gurukula.tests.StaffsTest"/>
  <testcase name="testViewStaff" time="1.132" classname="packagecom.gurukula.tests.StaffsTest"/>
  <testcase name="testAddStaff" time="3.501" classname="packagecom.gurukula.tests.StaffsTest"/>
  <testcase name="testDeleteStaff" time="13.520" classname="packagecom.gurukula.tests.StaffsTest"/>
  <testcase name="testAddStaff" time="3.162" classname="packagecom.gurukula.tests.StaffsTest"/>
  <testcase name="testAddStaff" time="3.036" classname="packagecom.gurukula.tests.StaffsTest"/>
  <testcase name="testAddStaff" time="3.354" classname="packagecom.gurukula.tests.StaffsTest"/>
  <testcase name="testAddStaff" time="3.032" classname="packagecom.gurukula.tests.StaffsTest"/>
</testsuite> <!-- packagecom.gurukula.tests.StaffsTest -->
