<?xml version="1.0" encoding="UTF-8"?>
<!-- Generated by org.testng.reporters.JUnitReportReporter -->
<testsuite hostname="TAMP" name="packagecom.gurukula.ActualTests.BranchesTest" tests="10" failures="0" timestamp="20 Nov 2016 21:07:57 GMT" time="34.920" errors="0">
  <testcase name="testViewBranch" time="0.895" classname="packagecom.gurukula.ActualTests.BranchesTest"/>
  <testcase name="testAddBranch" time="2.556" classname="packagecom.gurukula.ActualTests.BranchesTest"/>
  <testcase name="testAddBranch" time="2.644" classname="packagecom.gurukula.ActualTests.BranchesTest"/>
  <testcase name="testAddBranch" time="2.908" classname="packagecom.gurukula.ActualTests.BranchesTest"/>
  <testcase name="testAddBranch" time="2.699" classname="packagecom.gurukula.ActualTests.BranchesTest"/>
  <testcase name="testSearchBranch" time="0.895" classname="packagecom.gurukula.ActualTests.BranchesTest"/>
  <testcase name="testAddBranch" time="2.429" classname="packagecom.gurukula.ActualTests.BranchesTest"/>
  <testcase name="testEditBranch" time="3.853" classname="packagecom.gurukula.ActualTests.BranchesTest"/>
  <testcase name="testAddBranch" time="3.131" classname="packagecom.gurukula.ActualTests.BranchesTest"/>
  <testcase name="testDeleteBranch" time="12.910" classname="packagecom.gurukula.ActualTests.BranchesTest"/>
</testsuite> <!-- packagecom.gurukula.ActualTests.BranchesTest -->
