<?xml version="1.0" encoding="UTF-8"?>
<!-- Generated by org.testng.reporters.JUnitReportReporter -->
<testsuite hostname="TAMP" name="packagecom.gurukula.ActualTests.StaffsTest" tests="10" failures="0" timestamp="20 Nov 2016 21:07:57 GMT" time="34.404" errors="0">
  <testcase name="testSearchStaff" time="0.946" classname="packagecom.gurukula.ActualTests.StaffsTest"/>
  <testcase name="testViewStaff" time="0.931" classname="packagecom.gurukula.ActualTests.StaffsTest"/>
  <testcase name="testAddStaff" time="2.508" classname="packagecom.gurukula.ActualTests.StaffsTest"/>
  <testcase name="testAddStaff" time="2.530" classname="packagecom.gurukula.ActualTests.StaffsTest"/>
  <testcase name="testAddStaff" time="2.980" classname="packagecom.gurukula.ActualTests.StaffsTest"/>
  <testcase name="testAddStaff" time="2.647" classname="packagecom.gurukula.ActualTests.StaffsTest"/>
  <testcase name="testEditStaff" time="3.861" classname="packagecom.gurukula.ActualTests.StaffsTest"/>
  <testcase name="testAddStaff" time="2.463" classname="packagecom.gurukula.ActualTests.StaffsTest"/>
  <testcase name="testAddStaff" time="2.514" classname="packagecom.gurukula.ActualTests.StaffsTest"/>
  <testcase name="testDeleteStaff" time="13.024" classname="packagecom.gurukula.ActualTests.StaffsTest"/>
</testsuite> <!-- packagecom.gurukula.ActualTests.StaffsTest -->
